android/app/build/intermediates/manifest_merge_blame_file/debug/manifest-merger-blame-debug-report.txt
1<?xml version="1.0" encoding="utf-8"?>
2<manifest xmlns:android="http://schemas.android.com/apk/res/android"
3    package="com.fitbaby"
4    android:versionCode="1"
5    android:versionName="1.0" >
6
7    <uses-sdk
8        android:minSdkVersion="21"
9        android:targetSdkVersion="33" />
10
11    <uses-permission android:name="android.permission.SYSTEM_ALERT_WINDOW" />
11-->src\debug\AndroidManifest.xml:5:5-77
11-->src\debug\AndroidManifest.xml:5:22-75
12    <uses-permission android:name="android.permission.INTERNET" />
12-->src\main\AndroidManifest.xml:3:5-67
12-->src\main\AndroidManifest.xml:3:22-64
13    <uses-permission android:name="android.permission.RECEIVE_BOOT_COMPLETED" />
13-->src\main\AndroidManifest.xml:4:5-81
13-->src\main\AndroidManifest.xml:4:22-78
14
15    <service
15-->src\main\AndroidManifest.xml:49:5-55:15
16        android:name="com.fitbaby.MyFirebaseMessagingService"
16-->src\main\AndroidManifest.xml:50:7-49
17        android:minSdkVersion="8" >
17-->src\main\AndroidManifest.xml:51:7-32
18        <intent-filter>
18-->src\main\AndroidManifest.xml:30:9-32:25
19            <action android:name="com.google.firebase.MESSAGING_EVENT" />
19-->src\main\AndroidManifest.xml:31:11-72
19-->src\main\AndroidManifest.xml:31:19-69
20        </intent-filter>
21    </service>
22
23    <uses-permission android:name="android.permission.ACCESS_WIFI_STATE" />
23-->[com.facebook.flipper:flipper:0.125.0] AndroidManifest.xml:16:5-76
23-->[com.facebook.flipper:flipper:0.125.0] AndroidManifest.xml:16:22-73
24    <uses-permission android:name="android.permission.WAKE_LOCK" />
24-->[:react-native-firebase_auth] AndroidManifest.xml:10:5-68
24-->[:react-native-firebase_auth] AndroidManifest.xml:10:22-65
25    <uses-permission android:name="android.permission.ACCESS_NETWORK_STATE" />
25-->[:react-native-firebase_auth] AndroidManifest.xml:11:5-79
25-->[:react-native-firebase_auth] AndroidManifest.xml:11:22-76
26    <uses-permission android:name="android.permission.POST_NOTIFICATIONS" /> <!-- Required by older versions of Google Play services to create IID tokens -->
26-->[com.google.firebase:firebase-messaging:23.1.2] AndroidManifest.xml:25:5-77
26-->[com.google.firebase:firebase-messaging:23.1.2] AndroidManifest.xml:25:22-74
27    <uses-permission android:name="com.google.android.c2dm.permission.RECEIVE" /> <!-- for android -->
27-->[com.google.firebase:firebase-messaging:23.1.2] AndroidManifest.xml:28:5-82
27-->[com.google.firebase:firebase-messaging:23.1.2] AndroidManifest.xml:28:22-79
28    <!-- <uses-permission android:name="com.android.launcher.permission.READ_SETTINGS"/> -->
29    <!-- <uses-permission android:name="com.android.launcher.permission.WRITE_SETTINGS"/> -->
30    <!-- <uses-permission android:name="com.android.launcher.permission.INSTALL_SHORTCUT" /> -->
31    <!-- <uses-permission android:name="com.android.launcher.permission.UNINSTALL_SHORTCUT" /> -->
32    <!-- for Samsung -->
33    <uses-permission android:name="com.sec.android.provider.badge.permission.READ" />
33-->[me.leolin:ShortcutBadger:1.1.22] AndroidManifest.xml:19:5-86
33-->[me.leolin:ShortcutBadger:1.1.22] AndroidManifest.xml:19:22-83
34    <uses-permission android:name="com.sec.android.provider.badge.permission.WRITE" /> <!-- for htc -->
34-->[me.leolin:ShortcutBadger:1.1.22] AndroidManifest.xml:20:5-87
34-->[me.leolin:ShortcutBadger:1.1.22] AndroidManifest.xml:20:22-84
35    <uses-permission android:name="com.htc.launcher.permission.READ_SETTINGS" />
35-->[me.leolin:ShortcutBadger:1.1.22] AndroidManifest.xml:23:5-81
35-->[me.leolin:ShortcutBadger:1.1.22] AndroidManifest.xml:23:22-78
36    <uses-permission android:name="com.htc.launcher.permission.UPDATE_SHORTCUT" /> <!-- for sony -->
36-->[me.leolin:ShortcutBadger:1.1.22] AndroidManifest.xml:24:5-83
36-->[me.leolin:ShortcutBadger:1.1.22] AndroidManifest.xml:24:22-80
37    <uses-permission android:name="com.sonyericsson.home.permission.BROADCAST_BADGE" />
37-->[me.leolin:ShortcutBadger:1.1.22] AndroidManifest.xml:27:5-88
37-->[me.leolin:ShortcutBadger:1.1.22] AndroidManifest.xml:27:22-85
38    <uses-permission android:name="com.sonymobile.home.permission.PROVIDER_INSERT_BADGE" /> <!-- for apex -->
38-->[me.leolin:ShortcutBadger:1.1.22] AndroidManifest.xml:28:5-92
38-->[me.leolin:ShortcutBadger:1.1.22] AndroidManifest.xml:28:22-89
39    <uses-permission android:name="com.anddoes.launcher.permission.UPDATE_COUNT" /> <!-- for solid -->
39-->[me.leolin:ShortcutBadger:1.1.22] AndroidManifest.xml:31:5-84
39-->[me.leolin:ShortcutBadger:1.1.22] AndroidManifest.xml:31:22-81
40    <uses-permission android:name="com.majeur.launcher.permission.UPDATE_BADGE" /> <!-- for huawei -->
40-->[me.leolin:ShortcutBadger:1.1.22] AndroidManifest.xml:34:5-83
40-->[me.leolin:ShortcutBadger:1.1.22] AndroidManifest.xml:34:22-80
41    <uses-permission android:name="com.huawei.android.launcher.permission.CHANGE_BADGE" />
41-->[me.leolin:ShortcutBadger:1.1.22] AndroidManifest.xml:37:5-91
41-->[me.leolin:ShortcutBadger:1.1.22] AndroidManifest.xml:37:22-88
42    <uses-permission android:name="com.huawei.android.launcher.permission.READ_SETTINGS" />
42-->[me.leolin:ShortcutBadger:1.1.22] AndroidManifest.xml:38:5-92
42-->[me.leolin:ShortcutBadger:1.1.22] AndroidManifest.xml:38:22-89
43    <uses-permission android:name="com.huawei.android.launcher.permission.WRITE_SETTINGS" /> <!-- for ZUK -->
43-->[me.leolin:ShortcutBadger:1.1.22] AndroidManifest.xml:39:5-93
43-->[me.leolin:ShortcutBadger:1.1.22] AndroidManifest.xml:39:22-90
44    <uses-permission android:name="android.permission.READ_APP_BADGE" /> <!-- for OPPO -->
44-->[me.leolin:ShortcutBadger:1.1.22] AndroidManifest.xml:42:5-73
44-->[me.leolin:ShortcutBadger:1.1.22] AndroidManifest.xml:42:22-70
45    <uses-permission android:name="com.oppo.launcher.permission.READ_SETTINGS" />
45-->[me.leolin:ShortcutBadger:1.1.22] AndroidManifest.xml:45:5-82
45-->[me.leolin:ShortcutBadger:1.1.22] AndroidManifest.xml:45:22-79
46    <uses-permission android:name="com.oppo.launcher.permission.WRITE_SETTINGS" /> <!-- for EvMe -->
46-->[me.leolin:ShortcutBadger:1.1.22] AndroidManifest.xml:46:5-83
46-->[me.leolin:ShortcutBadger:1.1.22] AndroidManifest.xml:46:22-80
47    <uses-permission android:name="me.everything.badger.permission.BADGE_COUNT_READ" />
47-->[me.leolin:ShortcutBadger:1.1.22] AndroidManifest.xml:49:5-88
47-->[me.leolin:ShortcutBadger:1.1.22] AndroidManifest.xml:49:22-85
48    <uses-permission android:name="me.everything.badger.permission.BADGE_COUNT_WRITE" />
48-->[me.leolin:ShortcutBadger:1.1.22] AndroidManifest.xml:50:5-89
48-->[me.leolin:ShortcutBadger:1.1.22] AndroidManifest.xml:50:22-86
49
50    <application
50-->src\main\AndroidManifest.xml:6:5-48:19
51        android:name="com.fitbaby.MainApplication"
51-->src\main\AndroidManifest.xml:7:7-38
52        android:allowBackup="false"
52-->src\main\AndroidManifest.xml:11:7-34
53        android:appComponentFactory="androidx.core.app.CoreComponentFactory"
53-->[androidx.core:core:1.7.0] AndroidManifest.xml:24:18-86
54        android:debuggable="true"
55        android:icon="@mipmap/ic_launcher"
55-->src\main\AndroidManifest.xml:9:7-41
56        android:label="@string/app_name"
56-->src\main\AndroidManifest.xml:8:7-39
57        android:roundIcon="@mipmap/ic_launcher_round"
57-->src\main\AndroidManifest.xml:10:7-52
58        android:theme="@style/AppTheme"
58-->src\main\AndroidManifest.xml:12:7-38
59        android:usesCleartextTraffic="true" >
59-->src\debug\AndroidManifest.xml:8:9-44
60        <activity
60-->src\debug\AndroidManifest.xml:11:9-111
61            android:name="com.facebook.react.devsupport.DevSettingsActivity"
61-->src\debug\AndroidManifest.xml:11:19-83
62            android:exported="false" />
62-->src\debug\AndroidManifest.xml:11:84-108
63        <activity
63-->src\main\AndroidManifest.xml:13:7-24:18
64            android:name="com.fitbaby.MainActivity"
64-->src\main\AndroidManifest.xml:14:9-37
65            android:configChanges="keyboard|keyboardHidden|orientation|screenLayout|screenSize|smallestScreenSize|uiMode"
65-->src\main\AndroidManifest.xml:16:9-118
66            android:exported="true"
66-->src\main\AndroidManifest.xml:19:9-32
67            android:label="@string/app_name"
67-->src\main\AndroidManifest.xml:15:9-41
68            android:launchMode="singleTask"
68-->src\main\AndroidManifest.xml:17:9-40
69            android:windowSoftInputMode="adjustResize" >
69-->src\main\AndroidManifest.xml:18:9-51
70            <intent-filter>
70-->src\main\AndroidManifest.xml:20:9-23:25
71                <action android:name="android.intent.action.MAIN" />
71-->src\main\AndroidManifest.xml:21:13-65
71-->src\main\AndroidManifest.xml:21:21-62
72
73                <category android:name="android.intent.category.LAUNCHER" />
73-->src\main\AndroidManifest.xml:22:13-73
73-->src\main\AndroidManifest.xml:22:23-70
74            </intent-filter>
75        </activity>
76
77        <service
77-->src\main\AndroidManifest.xml:25:7-33:17
78            android:name="io.invertase.firebase.messaging.RNFirebaseMessagingService"
78-->src\main\AndroidManifest.xml:26:9-82
79            android:enabled="true"
79-->src\main\AndroidManifest.xml:27:9-31
80            android:exported="true"
80-->src\main\AndroidManifest.xml:28:9-32
81            android:permission="com.google.android.c2dm.permission.SEND" >
81-->src\main\AndroidManifest.xml:29:9-69
82            <intent-filter>
82-->src\main\AndroidManifest.xml:30:9-32:25
83                <action android:name="com.google.firebase.MESSAGING_EVENT" />
83-->src\main\AndroidManifest.xml:31:11-72
83-->src\main\AndroidManifest.xml:31:19-69
84            </intent-filter>
85        </service>
86
87        <receiver
87-->src\main\AndroidManifest.xml:34:7-40:18
88            android:name="io.invertase.firebase.messaging.RNFirebaseBackgroundMessagingReceiver"
88-->src\main\AndroidManifest.xml:35:9-93
89            android:exported="false" >
89-->src\main\AndroidManifest.xml:36:9-33
90            <intent-filter>
90-->src\main\AndroidManifest.xml:30:9-32:25
91                <action android:name="com.google.firebase.MESSAGING_EVENT" />
91-->src\main\AndroidManifest.xml:31:11-72
91-->src\main\AndroidManifest.xml:31:19-69
92            </intent-filter>
93        </receiver>
94
95        <service
95-->src\main\AndroidManifest.xml:41:7-47:17
96            android:name="io.invertase.firebase.messaging.RNFirebaseInstanceIdService"
96-->src\main\AndroidManifest.xml:42:9-83
97            android:exported="false" >
97-->src\main\AndroidManifest.xml:43:9-33
98            <intent-filter>
98-->src\main\AndroidManifest.xml:44:9-46:25
99                <action android:name="com.google.firebase.INSTANCE_ID_EVENT" />
99-->src\main\AndroidManifest.xml:45:11-74
99-->src\main\AndroidManifest.xml:45:19-71
100            </intent-filter>
101        </service>
102
103        <meta-data
103-->[:react-native-firebase_app] AndroidManifest.xml:11:9-13:36
104            android:name="app_data_collection_default_enabled"
104-->[:react-native-firebase_app] AndroidManifest.xml:12:13-63
105            android:value="true" />
105-->[:react-native-firebase_app] AndroidManifest.xml:13:13-33
106
107        <service
107-->[:react-native-firebase_app] AndroidManifest.xml:15:9-23:19
108            android:name="com.google.firebase.components.ComponentDiscoveryService"
108-->[:react-native-firebase_app] AndroidManifest.xml:16:13-84
109            android:directBootAware="true"
109-->[:react-native-firebase_app] AndroidManifest.xml:17:13-43
110            android:exported="false" >
110-->[:react-native-firebase_app] AndroidManifest.xml:18:13-37
111            <meta-data
111-->[:react-native-firebase_app] AndroidManifest.xml:20:13-22:85
112                android:name="com.google.firebase.components:io.invertase.firebase.app.ReactNativeFirebaseAppRegistrar"
112-->[:react-native-firebase_app] AndroidManifest.xml:21:17-120
113                android:value="com.google.firebase.components.ComponentRegistrar" />
113-->[:react-native-firebase_app] AndroidManifest.xml:22:17-82
114            <meta-data
114-->[com.google.firebase:firebase-messaging-ktx:23.1.2] AndroidManifest.xml:28:13-30:85
115                android:name="com.google.firebase.components:com.google.firebase.messaging.ktx.FirebaseMessagingKtxRegistrar"
115-->[com.google.firebase:firebase-messaging-ktx:23.1.2] AndroidManifest.xml:29:17-126
116                android:value="com.google.firebase.components.ComponentRegistrar" />
116-->[com.google.firebase:firebase-messaging-ktx:23.1.2] AndroidManifest.xml:30:17-82
117            <meta-data
117-->[com.google.firebase:firebase-common-ktx:20.3.1] AndroidManifest.xml:14:13-16:85
118                android:name="com.google.firebase.components:com.google.firebase.ktx.FirebaseCommonKtxRegistrar"
118-->[com.google.firebase:firebase-common-ktx:20.3.1] AndroidManifest.xml:15:17-113
119                android:value="com.google.firebase.components.ComponentRegistrar" />
119-->[com.google.firebase:firebase-common-ktx:20.3.1] AndroidManifest.xml:16:17-82
120            <meta-data
120-->[com.google.firebase:firebase-messaging:23.1.2] AndroidManifest.xml:55:13-57:85
121                android:name="com.google.firebase.components:com.google.firebase.messaging.FirebaseMessagingRegistrar"
121-->[com.google.firebase:firebase-messaging:23.1.2] AndroidManifest.xml:56:17-119
122                android:value="com.google.firebase.components.ComponentRegistrar" />
122-->[com.google.firebase:firebase-messaging:23.1.2] AndroidManifest.xml:57:17-82
123            <meta-data
123-->[com.google.firebase:firebase-datatransport:18.1.7] AndroidManifest.xml:27:13-29:85
124                android:name="com.google.firebase.components:com.google.firebase.datatransport.TransportRegistrar"
124-->[com.google.firebase:firebase-datatransport:18.1.7] AndroidManifest.xml:28:17-115
125                android:value="com.google.firebase.components.ComponentRegistrar" />
125-->[com.google.firebase:firebase-datatransport:18.1.7] AndroidManifest.xml:29:17-82
126            <meta-data
126-->[com.google.firebase:firebase-installations:17.1.3] AndroidManifest.xml:17:13-19:85
127                android:name="com.google.firebase.components:com.google.firebase.installations.FirebaseInstallationsRegistrar"
127-->[com.google.firebase:firebase-installations:17.1.3] AndroidManifest.xml:18:17-127
128                android:value="com.google.firebase.components.ComponentRegistrar" />
128-->[com.google.firebase:firebase-installations:17.1.3] AndroidManifest.xml:19:17-82
129            <meta-data
129-->[com.google.firebase:firebase-auth:21.1.0] AndroidManifest.xml:67:13-69:85
130                android:name="com.google.firebase.components:com.google.firebase.auth.FirebaseAuthRegistrar"
130-->[com.google.firebase:firebase-auth:21.1.0] AndroidManifest.xml:68:17-109
131                android:value="com.google.firebase.components.ComponentRegistrar" />
131-->[com.google.firebase:firebase-auth:21.1.0] AndroidManifest.xml:69:17-82
132        </service>
133
134        <provider
134-->[:react-native-firebase_app] AndroidManifest.xml:25:9-29:38
135            android:name="io.invertase.firebase.app.ReactNativeFirebaseAppInitProvider"
135-->[:react-native-firebase_app] AndroidManifest.xml:26:13-88
136            android:authorities="com.fitbaby.reactnativefirebaseappinitprovider"
136-->[:react-native-firebase_app] AndroidManifest.xml:27:13-86
137            android:exported="false"
137-->[:react-native-firebase_app] AndroidManifest.xml:28:13-37
138            android:initOrder="99" />
138-->[:react-native-firebase_app] AndroidManifest.xml:29:13-35
139
140        <receiver
140-->[com.google.firebase:firebase-messaging:23.1.2] AndroidManifest.xml:31:9-38:20
141            android:name="com.google.firebase.iid.FirebaseInstanceIdReceiver"
141-->[com.google.firebase:firebase-messaging:23.1.2] AndroidManifest.xml:32:13-78
142            android:exported="true"
142-->[com.google.firebase:firebase-messaging:23.1.2] AndroidManifest.xml:33:13-36
143            android:permission="com.google.android.c2dm.permission.SEND" >
143-->[com.google.firebase:firebase-messaging:23.1.2] AndroidManifest.xml:34:13-73
144            <intent-filter>
144-->[com.google.firebase:firebase-messaging:23.1.2] AndroidManifest.xml:35:13-37:29
145                <action android:name="com.google.android.c2dm.intent.RECEIVE" />
145-->[com.google.firebase:firebase-messaging:23.1.2] AndroidManifest.xml:36:17-81
145-->[com.google.firebase:firebase-messaging:23.1.2] AndroidManifest.xml:36:25-78
146            </intent-filter>
147        </receiver>
148        <!--
149             FirebaseMessagingService performs security checks at runtime,
150             but set to not exported to explicitly avoid allowing another app to call it.
151        -->
152        <service
152-->[com.google.firebase:firebase-messaging:23.1.2] AndroidManifest.xml:44:9-51:19
153            android:name="com.google.firebase.messaging.FirebaseMessagingService"
153-->[com.google.firebase:firebase-messaging:23.1.2] AndroidManifest.xml:45:13-82
154            android:directBootAware="true"
154-->[com.google.firebase:firebase-messaging:23.1.2] AndroidManifest.xml:46:13-43
155            android:exported="false" >
155-->[com.google.firebase:firebase-messaging:23.1.2] AndroidManifest.xml:47:13-37
156            <intent-filter android:priority="-500" >
156-->src\main\AndroidManifest.xml:30:9-32:25
157                <action android:name="com.google.firebase.MESSAGING_EVENT" />
157-->src\main\AndroidManifest.xml:31:11-72
157-->src\main\AndroidManifest.xml:31:19-69
158            </intent-filter>
159        </service>
160
161        <activity
161-->[com.google.firebase:firebase-auth:21.1.0] AndroidManifest.xml:27:9-44:20
162            android:name="com.google.firebase.auth.internal.GenericIdpActivity"
162-->[com.google.firebase:firebase-auth:21.1.0] AndroidManifest.xml:28:13-80
163            android:excludeFromRecents="true"
163-->[com.google.firebase:firebase-auth:21.1.0] AndroidManifest.xml:29:13-46
164            android:exported="true"
164-->[com.google.firebase:firebase-auth:21.1.0] AndroidManifest.xml:30:13-36
165            android:launchMode="singleTask"
165-->[com.google.firebase:firebase-auth:21.1.0] AndroidManifest.xml:31:13-44
166            android:theme="@android:style/Theme.Translucent.NoTitleBar" >
166-->[com.google.firebase:firebase-auth:21.1.0] AndroidManifest.xml:32:13-72
167            <intent-filter>
167-->[com.google.firebase:firebase-auth:21.1.0] AndroidManifest.xml:33:13-43:29
168                <action android:name="android.intent.action.VIEW" />
168-->[com.google.firebase:firebase-auth:21.1.0] AndroidManifest.xml:34:17-69
168-->[com.google.firebase:firebase-auth:21.1.0] AndroidManifest.xml:34:25-66
169
170                <category android:name="android.intent.category.DEFAULT" />
170-->[com.google.firebase:firebase-auth:21.1.0] AndroidManifest.xml:36:17-76
170-->[com.google.firebase:firebase-auth:21.1.0] AndroidManifest.xml:36:27-73
171                <category android:name="android.intent.category.BROWSABLE" />
171-->[com.google.firebase:firebase-auth:21.1.0] AndroidManifest.xml:37:17-78
171-->[com.google.firebase:firebase-auth:21.1.0] AndroidManifest.xml:37:27-75
172
173                <data
173-->[com.google.firebase:firebase-auth:21.1.0] AndroidManifest.xml:39:17-42:51
174                    android:host="firebase.auth"
174-->[com.google.firebase:firebase-auth:21.1.0] AndroidManifest.xml:40:21-49
175                    android:path="/"
175-->[com.google.firebase:firebase-auth:21.1.0] AndroidManifest.xml:41:21-37
176                    android:scheme="genericidp" />
176-->[com.google.firebase:firebase-auth:21.1.0] AndroidManifest.xml:42:21-48
177            </intent-filter>
178        </activity>
179        <activity
179-->[com.google.firebase:firebase-auth:21.1.0] AndroidManifest.xml:45:9-62:20
180            android:name="com.google.firebase.auth.internal.RecaptchaActivity"
180-->[com.google.firebase:firebase-auth:21.1.0] AndroidManifest.xml:46:13-79
181            android:excludeFromRecents="true"
181-->[com.google.firebase:firebase-auth:21.1.0] AndroidManifest.xml:47:13-46
182            android:exported="true"
182-->[com.google.firebase:firebase-auth:21.1.0] AndroidManifest.xml:48:13-36
183            android:launchMode="singleTask"
183-->[com.google.firebase:firebase-auth:21.1.0] AndroidManifest.xml:49:13-44
184            android:theme="@android:style/Theme.Translucent.NoTitleBar" >
184-->[com.google.firebase:firebase-auth:21.1.0] AndroidManifest.xml:50:13-72
185            <intent-filter>
185-->[com.google.firebase:firebase-auth:21.1.0] AndroidManifest.xml:51:13-61:29
186                <action android:name="android.intent.action.VIEW" />
186-->[com.google.firebase:firebase-auth:21.1.0] AndroidManifest.xml:34:17-69
186-->[com.google.firebase:firebase-auth:21.1.0] AndroidManifest.xml:34:25-66
187
188                <category android:name="android.intent.category.DEFAULT" />
188-->[com.google.firebase:firebase-auth:21.1.0] AndroidManifest.xml:36:17-76
188-->[com.google.firebase:firebase-auth:21.1.0] AndroidManifest.xml:36:27-73
189                <category android:name="android.intent.category.BROWSABLE" />
189-->[com.google.firebase:firebase-auth:21.1.0] AndroidManifest.xml:37:17-78
189-->[com.google.firebase:firebase-auth:21.1.0] AndroidManifest.xml:37:27-75
190
191                <data
191-->[com.google.firebase:firebase-auth:21.1.0] AndroidManifest.xml:39:17-42:51
192                    android:host="firebase.auth"
192-->[com.google.firebase:firebase-auth:21.1.0] AndroidManifest.xml:40:21-49
193                    android:path="/"
193-->[com.google.firebase:firebase-auth:21.1.0] AndroidManifest.xml:41:21-37
194                    android:scheme="recaptcha" />
194-->[com.google.firebase:firebase-auth:21.1.0] AndroidManifest.xml:42:21-48
195            </intent-filter>
196        </activity>
197
198        <provider
198-->[com.google.firebase:firebase-common:20.3.1] AndroidManifest.xml:25:9-30:39
199            android:name="com.google.firebase.provider.FirebaseInitProvider"
199-->[com.google.firebase:firebase-common:20.3.1] AndroidManifest.xml:26:13-77
200            android:authorities="com.fitbaby.firebaseinitprovider"
200-->[com.google.firebase:firebase-common:20.3.1] AndroidManifest.xml:27:13-72
201            android:directBootAware="true"
201-->[com.google.firebase:firebase-common:20.3.1] AndroidManifest.xml:28:13-43
202            android:exported="false"
202-->[com.google.firebase:firebase-common:20.3.1] AndroidManifest.xml:29:13-37
203            android:initOrder="100" />
203-->[com.google.firebase:firebase-common:20.3.1] AndroidManifest.xml:30:13-36
204
205        <activity
205-->[com.google.android.gms:play-services-auth:20.3.0] AndroidManifest.xml:23:9-27:75
206            android:name="com.google.android.gms.auth.api.signin.internal.SignInHubActivity"
206-->[com.google.android.gms:play-services-auth:20.3.0] AndroidManifest.xml:24:13-93
207            android:excludeFromRecents="true"
207-->[com.google.android.gms:play-services-auth:20.3.0] AndroidManifest.xml:25:13-46
208            android:exported="false"
208-->[com.google.android.gms:play-services-auth:20.3.0] AndroidManifest.xml:26:13-37
209            android:theme="@android:style/Theme.Translucent.NoTitleBar" />
209-->[com.google.android.gms:play-services-auth:20.3.0] AndroidManifest.xml:27:13-72
210        <!--
211            Service handling Google Sign-In user revocation. For apps that do not integrate with
212            Google Sign-In, this service will never be started.
213        -->
214        <service
214-->[com.google.android.gms:play-services-auth:20.3.0] AndroidManifest.xml:33:9-37:51
215            android:name="com.google.android.gms.auth.api.signin.RevocationBoundService"
215-->[com.google.android.gms:play-services-auth:20.3.0] AndroidManifest.xml:34:13-89
216            android:exported="true"
216-->[com.google.android.gms:play-services-auth:20.3.0] AndroidManifest.xml:35:13-36
217            android:permission="com.google.android.gms.auth.api.signin.permission.REVOCATION_NOTIFICATION"
217-->[com.google.android.gms:play-services-auth:20.3.0] AndroidManifest.xml:36:13-107
218            android:visibleToInstantApps="true" />
218-->[com.google.android.gms:play-services-auth:20.3.0] AndroidManifest.xml:37:13-48
219
220        <activity
220-->[com.google.android.gms:play-services-base:18.0.1] AndroidManifest.xml:20:9-22:45
221            android:name="com.google.android.gms.common.api.GoogleApiActivity"
221-->[com.google.android.gms:play-services-base:18.0.1] AndroidManifest.xml:20:19-85
222            android:exported="false"
222-->[com.google.android.gms:play-services-base:18.0.1] AndroidManifest.xml:22:19-43
223            android:theme="@android:style/Theme.Translucent.NoTitleBar" />
223-->[com.google.android.gms:play-services-base:18.0.1] AndroidManifest.xml:21:19-78
224
225        <meta-data
225-->[com.google.android.gms:play-services-basement:18.1.0] AndroidManifest.xml:21:9-23:69
226            android:name="com.google.android.gms.version"
226-->[com.google.android.gms:play-services-basement:18.1.0] AndroidManifest.xml:22:13-58
227            android:value="@integer/google_play_services_version" />
227-->[com.google.android.gms:play-services-basement:18.1.0] AndroidManifest.xml:23:13-66
228
229        <provider
229-->[androidx.emoji2:emoji2:1.0.0] AndroidManifest.xml:26:9-34:20
230            android:name="androidx.startup.InitializationProvider"
230-->[androidx.emoji2:emoji2:1.0.0] AndroidManifest.xml:27:13-67
231            android:authorities="com.fitbaby.androidx-startup"
231-->[androidx.emoji2:emoji2:1.0.0] AndroidManifest.xml:28:13-68
232            android:exported="false" >
232-->[androidx.emoji2:emoji2:1.0.0] AndroidManifest.xml:29:13-37
233            <meta-data
233-->[androidx.emoji2:emoji2:1.0.0] AndroidManifest.xml:31:13-33:52
234                android:name="androidx.emoji2.text.EmojiCompatInitializer"
234-->[androidx.emoji2:emoji2:1.0.0] AndroidManifest.xml:32:17-75
235                android:value="androidx.startup" />
235-->[androidx.emoji2:emoji2:1.0.0] AndroidManifest.xml:33:17-49
236            <meta-data
236-->[androidx.lifecycle:lifecycle-process:2.4.0] AndroidManifest.xml:31:13-33:52
237                android:name="androidx.lifecycle.ProcessLifecycleInitializer"
237-->[androidx.lifecycle:lifecycle-process:2.4.0] AndroidManifest.xml:32:17-78
238                android:value="androidx.startup" />
238-->[androidx.lifecycle:lifecycle-process:2.4.0] AndroidManifest.xml:33:17-49
239        </provider>
240
241        <service
241-->[com.google.android.datatransport:transport-backend-cct:3.1.8] AndroidManifest.xml:28:9-34:19
242            android:name="com.google.android.datatransport.runtime.backends.TransportBackendDiscovery"
242-->[com.google.android.datatransport:transport-backend-cct:3.1.8] AndroidManifest.xml:29:13-103
243            android:exported="false" >
243-->[com.google.android.datatransport:transport-backend-cct:3.1.8] AndroidManifest.xml:30:13-37
244            <meta-data
244-->[com.google.android.datatransport:transport-backend-cct:3.1.8] AndroidManifest.xml:31:13-33:39
245                android:name="backend:com.google.android.datatransport.cct.CctBackendFactory"
245-->[com.google.android.datatransport:transport-backend-cct:3.1.8] AndroidManifest.xml:32:17-94
246                android:value="cct" />
246-->[com.google.android.datatransport:transport-backend-cct:3.1.8] AndroidManifest.xml:33:17-36
247        </service>
248        <service
248-->[com.google.android.datatransport:transport-runtime:3.1.8] AndroidManifest.xml:26:9-30:19
249            android:name="com.google.android.datatransport.runtime.scheduling.jobscheduling.JobInfoSchedulerService"
249-->[com.google.android.datatransport:transport-runtime:3.1.8] AndroidManifest.xml:27:13-117
250            android:exported="false"
250-->[com.google.android.datatransport:transport-runtime:3.1.8] AndroidManifest.xml:28:13-37
251            android:permission="android.permission.BIND_JOB_SERVICE" >
251-->[com.google.android.datatransport:transport-runtime:3.1.8] AndroidManifest.xml:29:13-69
252        </service>
253
254        <receiver
254-->[com.google.android.datatransport:transport-runtime:3.1.8] AndroidManifest.xml:32:9-34:40
255            android:name="com.google.android.datatransport.runtime.scheduling.jobscheduling.AlarmManagerSchedulerBroadcastReceiver"
255-->[com.google.android.datatransport:transport-runtime:3.1.8] AndroidManifest.xml:33:13-132
256            android:exported="false" />
256-->[com.google.android.datatransport:transport-runtime:3.1.8] AndroidManifest.xml:34:13-37
257    </application>
258
259</manifest>